#! /usr/local/Cellar/icarus-verilog/12.0/bin/vvp
:ivl_version "12.0 (stable)";
:ivl_delay_selection "TYPICAL";
:vpi_time_precision + 0;
:vpi_module "/usr/local/Cellar/icarus-verilog/12.0/lib/ivl/system.vpi";
:vpi_module "/usr/local/Cellar/icarus-verilog/12.0/lib/ivl/vhdl_sys.vpi";
:vpi_module "/usr/local/Cellar/icarus-verilog/12.0/lib/ivl/vhdl_textio.vpi";
:vpi_module "/usr/local/Cellar/icarus-verilog/12.0/lib/ivl/v2005_math.vpi";
:vpi_module "/usr/local/Cellar/icarus-verilog/12.0/lib/ivl/va_math.vpi";
S_0x7fb25b704e90 .scope module, "tb" "tb" 2 1;
 .timescale 0 0;
L_0x600002120000 .functor NOT 1, L_0x600003b20000, C4<0>, C4<0>, C4<0>;
L_0x6000021201c0 .functor AND 1, v0x6000038203f0_0, L_0x600002120000, C4<1>, C4<1>;
L_0x600002120230 .functor NOT 1, L_0x600003b200a0, C4<0>, C4<0>, C4<0>;
L_0x6000021202a0 .functor AND 1, L_0x6000021201c0, L_0x600002120230, C4<1>, C4<1>;
L_0x600002120310 .functor AND 1, v0x6000038203f0_0, L_0x600003b20140, C4<1>, C4<1>;
L_0x600002120380 .functor NOT 1, L_0x600003b201e0, C4<0>, C4<0>, C4<0>;
L_0x6000021203f0 .functor AND 1, L_0x600002120310, L_0x600002120380, C4<1>, C4<1>;
L_0x600002120460 .functor AND 1, v0x6000038203f0_0, L_0x600003b20280, C4<1>, C4<1>;
L_0x6000021204d0 .functor AND 1, L_0x6000021202a0, v0x6000038213b0_0, C4<1>, C4<1>;
L_0x600002120540 .functor AND 1, L_0x6000021203f0, v0x600003821b00_0, C4<1>, C4<1>;
L_0x6000021205b0 .functor OR 1, L_0x6000021204d0, L_0x600002120540, C4<0>, C4<0>;
L_0x600002120620 .functor AND 1, L_0x600002120460, v0x600003822250_0, C4<1>, C4<1>;
L_0x600002120690 .functor OR 1, L_0x6000021205b0, L_0x600002120620, C4<0>, C4<0>;
v0x6000038233c0_0 .var "M1_Address", 9 0;
v0x600003823450_0 .var "M1_Data_to_write", 7 0;
v0x6000038234e0_0 .net "M1_PAddress", 7 0, v0x600003820120_0;  1 drivers
v0x600003823570_0 .net "M1_PEnable", 0 0, v0x6000038201b0_0;  1 drivers
v0x600003823600_0 .net "M1_PReady", 0 0, v0x6000038227f0_0;  1 drivers
v0x600003823690_0 .net "M1_PSel", 0 0, v0x6000038203f0_0;  1 drivers
v0x600003823720_0 .net "M1_PWData", 7 0, v0x600003820480_0;  1 drivers
v0x6000038237b0_0 .net "M1_PWrite", 0 0, v0x600003820510_0;  1 drivers
v0x600003823840_0 .var "M1_RW", 0 0;
v0x6000038238d0_0 .net "M1_Slave_sel", 1 0, L_0x600003b20320;  1 drivers
v0x600003823960_0 .var "M1_Valid", 0 0;
v0x6000038239f0_0 .var "M2_Address", 9 0;
v0x600003823a80_0 .var "M2_Data_to_write", 7 0;
v0x600003823b10_0 .net "M2_PAddress", 7 0, v0x600003820990_0;  1 drivers
v0x600003823ba0_0 .net "M2_PEnable", 0 0, v0x600003820a20_0;  1 drivers
v0x600003823c30_0 .net "M2_PReady", 0 0, v0x600003822be0_0;  1 drivers
v0x600003823cc0_0 .net "M2_PSel", 0 0, v0x600003820c60_0;  1 drivers
v0x600003823d50_0 .net "M2_PWData", 7 0, v0x600003820cf0_0;  1 drivers
v0x600003823de0_0 .net "M2_PWrite", 0 0, v0x600003820d80_0;  1 drivers
v0x600003823e70_0 .var "M2_RW", 0 0;
v0x600003823f00_0 .net "M2_Slave_sel", 1 0, L_0x600003b203c0;  1 drivers
v0x600003824000_0 .var "M2_Valid", 0 0;
v0x600003824090_0 .net "M_PAddress", 7 0, v0x600003822eb0_0;  1 drivers
v0x600003824120_0 .net "M_PEnable", 0 0, v0x600003822f40_0;  1 drivers
v0x6000038241b0_0 .net "M_PReady", 0 0, L_0x600002120690;  1 drivers
v0x600003824240_0 .net "M_PSel", 0 0, v0x6000038230f0_0;  1 drivers
v0x6000038242d0_0 .net "M_PWData", 7 0, v0x600003823180_0;  1 drivers
v0x600003824360_0 .net "M_PWrite", 0 0, v0x600003823210_0;  1 drivers
v0x6000038243f0_0 .net "M_Slave_sel", 1 0, v0x600003823330_0;  1 drivers
v0x600003824480_0 .net "S1_Addr_out", 7 0, v0x600003821050_0;  1 drivers
v0x600003824510_0 .net "S1_Data_in", 7 0, v0x6000038210e0_0;  1 drivers
v0x6000038245a0_0 .var "S1_Data_out", 7 0;
v0x600003824630_0 .net "S1_PReady", 0 0, v0x6000038213b0_0;  1 drivers
v0x6000038246c0_0 .net "S1_PSel", 0 0, L_0x6000021202a0;  1 drivers
v0x600003824750_0 .net "S2_Addr_out", 7 0, v0x6000038217a0_0;  1 drivers
v0x6000038247e0_0 .net "S2_Data_in", 7 0, v0x600003821830_0;  1 drivers
v0x600003824870_0 .var "S2_Data_out", 7 0;
v0x600003824900_0 .net "S2_PReady", 0 0, v0x600003821b00_0;  1 drivers
v0x600003824990_0 .net "S2_PSel", 0 0, L_0x6000021203f0;  1 drivers
v0x600003824a20_0 .net "S3_Addr_out", 7 0, v0x600003821ef0_0;  1 drivers
v0x600003824ab0_0 .net "S3_Data_in", 7 0, v0x600003821f80_0;  1 drivers
v0x600003824b40_0 .var "S3_Data_out", 7 0;
v0x600003824bd0_0 .net "S3_PReady", 0 0, v0x600003822250_0;  1 drivers
v0x600003824c60_0 .net "S3_PSel", 0 0, L_0x600002120460;  1 drivers
o0x7fb25c0320f8 .functor BUFZ 8, C4<zzzzzzzz>; HiZ drive
v0x600003824cf0_0 .net "S_PRData", 7 0, o0x7fb25c0320f8;  0 drivers
v0x600003824d80_0 .net *"_ivl_1", 0 0, L_0x600003b20000;  1 drivers
v0x600003824e10_0 .net *"_ivl_13", 0 0, L_0x600003b20140;  1 drivers
v0x600003824ea0_0 .net *"_ivl_15", 0 0, L_0x600002120310;  1 drivers
v0x600003824f30_0 .net *"_ivl_17", 0 0, L_0x600003b201e0;  1 drivers
v0x600003824fc0_0 .net *"_ivl_18", 0 0, L_0x600002120380;  1 drivers
v0x600003825050_0 .net *"_ivl_2", 0 0, L_0x600002120000;  1 drivers
v0x6000038250e0_0 .net *"_ivl_23", 0 0, L_0x600003b20280;  1 drivers
v0x600003825170_0 .net *"_ivl_27", 0 0, L_0x6000021204d0;  1 drivers
v0x600003825200_0 .net *"_ivl_29", 0 0, L_0x600002120540;  1 drivers
v0x600003825290_0 .net *"_ivl_31", 0 0, L_0x6000021205b0;  1 drivers
v0x600003825320_0 .net *"_ivl_33", 0 0, L_0x600002120620;  1 drivers
v0x6000038253b0_0 .net *"_ivl_5", 0 0, L_0x6000021201c0;  1 drivers
v0x600003825440_0 .net *"_ivl_7", 0 0, L_0x600003b200a0;  1 drivers
v0x6000038254d0_0 .net *"_ivl_8", 0 0, L_0x600002120230;  1 drivers
v0x600003825560_0 .var "clk", 0 0;
v0x6000038255f0_0 .var/i "i", 31 0;
v0x600003825680_0 .var "rst", 0 0;
L_0x600003b20000 .part L_0x600003b20320, 0, 1;
L_0x600003b200a0 .part L_0x600003b20320, 1, 1;
L_0x600003b20140 .part L_0x600003b20320, 0, 1;
L_0x600003b201e0 .part L_0x600003b20320, 1, 1;
L_0x600003b20280 .part L_0x600003b20320, 1, 1;
S_0x7fb25b705000 .scope module, "M1" "APB_Master" 2 66, 3 1 0, S_0x7fb25b704e90;
 .timescale 0 0;
    .port_info 0 /INPUT 1 "PReset";
    .port_info 1 /INPUT 1 "Pclk";
    .port_info 2 /INPUT 1 "RW";
    .port_info 3 /INPUT 1 "Valid";
    .port_info 4 /INPUT 10 "Address";
    .port_info 5 /INPUT 8 "Data_to_write";
    .port_info 6 /OUTPUT 8 "Data_to_read";
    .port_info 7 /INPUT 8 "PRData";
    .port_info 8 /INPUT 1 "PReady";
    .port_info 9 /OUTPUT 1 "PSel";
    .port_info 10 /OUTPUT 1 "PEnable";
    .port_info 11 /OUTPUT 8 "PAddress";
    .port_info 12 /OUTPUT 8 "PWData";
    .port_info 13 /OUTPUT 1 "PWrite";
    .port_info 14 /OUTPUT 2 "Slave_sel";
v0x60000382c000_0 .net "Address", 9 0, v0x6000038233c0_0;  1 drivers
v0x600003820000_0 .var "Data_to_read", 7 0;
v0x600003820090_0 .net "Data_to_write", 7 0, v0x600003823450_0;  1 drivers
v0x600003820120_0 .var "PAddress", 7 0;
v0x6000038201b0_0 .var "PEnable", 0 0;
v0x600003820240_0 .net "PRData", 7 0, o0x7fb25c0320f8;  alias, 0 drivers
v0x6000038202d0_0 .net "PReady", 0 0, v0x6000038227f0_0;  alias, 1 drivers
v0x600003820360_0 .net "PReset", 0 0, v0x600003825680_0;  1 drivers
v0x6000038203f0_0 .var "PSel", 0 0;
v0x600003820480_0 .var "PWData", 7 0;
v0x600003820510_0 .var "PWrite", 0 0;
v0x6000038205a0_0 .net "Pclk", 0 0, v0x600003825560_0;  1 drivers
v0x600003820630_0 .net "RW", 0 0, v0x600003823840_0;  1 drivers
v0x6000038206c0_0 .net "Slave_sel", 1 0, L_0x600003b20320;  alias, 1 drivers
v0x600003820750_0 .net "Valid", 0 0, v0x600003823960_0;  1 drivers
E_0x600001f2ba40 .event posedge, v0x6000038205a0_0;
L_0x600003b20320 .part v0x6000038233c0_0, 8, 2;
S_0x7fb25c204190 .scope module, "M2" "APB_Master" 2 83, 3 1 0, S_0x7fb25b704e90;
 .timescale 0 0;
    .port_info 0 /INPUT 1 "PReset";
    .port_info 1 /INPUT 1 "Pclk";
    .port_info 2 /INPUT 1 "RW";
    .port_info 3 /INPUT 1 "Valid";
    .port_info 4 /INPUT 10 "Address";
    .port_info 5 /INPUT 8 "Data_to_write";
    .port_info 6 /OUTPUT 8 "Data_to_read";
    .port_info 7 /INPUT 8 "PRData";
    .port_info 8 /INPUT 1 "PReady";
    .port_info 9 /OUTPUT 1 "PSel";
    .port_info 10 /OUTPUT 1 "PEnable";
    .port_info 11 /OUTPUT 8 "PAddress";
    .port_info 12 /OUTPUT 8 "PWData";
    .port_info 13 /OUTPUT 1 "PWrite";
    .port_info 14 /OUTPUT 2 "Slave_sel";
v0x6000038207e0_0 .net "Address", 9 0, v0x6000038239f0_0;  1 drivers
v0x600003820870_0 .var "Data_to_read", 7 0;
v0x600003820900_0 .net "Data_to_write", 7 0, v0x600003823a80_0;  1 drivers
v0x600003820990_0 .var "PAddress", 7 0;
v0x600003820a20_0 .var "PEnable", 0 0;
v0x600003820ab0_0 .net "PRData", 7 0, o0x7fb25c0320f8;  alias, 0 drivers
v0x600003820b40_0 .net "PReady", 0 0, v0x600003822be0_0;  alias, 1 drivers
v0x600003820bd0_0 .net "PReset", 0 0, v0x600003825680_0;  alias, 1 drivers
v0x600003820c60_0 .var "PSel", 0 0;
v0x600003820cf0_0 .var "PWData", 7 0;
v0x600003820d80_0 .var "PWrite", 0 0;
v0x600003820e10_0 .net "Pclk", 0 0, v0x600003825560_0;  alias, 1 drivers
v0x600003820ea0_0 .net "RW", 0 0, v0x600003823e70_0;  1 drivers
v0x600003820f30_0 .net "Slave_sel", 1 0, L_0x600003b203c0;  alias, 1 drivers
v0x600003820fc0_0 .net "Valid", 0 0, v0x600003824000_0;  1 drivers
L_0x600003b203c0 .part v0x6000038239f0_0, 8, 2;
S_0x7fb25c204470 .scope module, "S1" "APB_Slave" 2 127, 3 74 0, S_0x7fb25b704e90;
 .timescale 0 0;
    .port_info 0 /INPUT 1 "PReset";
    .port_info 1 /INPUT 1 "Pclk";
    .port_info 2 /INPUT 1 "PSel";
    .port_info 3 /INPUT 1 "PEnable";
    .port_info 4 /INPUT 8 "PAddress";
    .port_info 5 /INPUT 8 "PWData";
    .port_info 6 /INPUT 1 "PWrite";
    .port_info 7 /OUTPUT 1 "PReady";
    .port_info 8 /OUTPUT 8 "PRData";
    .port_info 9 /OUTPUT 8 "Data_in";
    .port_info 10 /INPUT 8 "Data_out";
    .port_info 11 /OUTPUT 8 "Address";
    .port_info 12 /OUTPUT 1 "RW";
v0x600003821050_0 .var "Address", 7 0;
v0x6000038210e0_0 .var "Data_in", 7 0;
v0x600003821170_0 .net "Data_out", 7 0, v0x6000038245a0_0;  1 drivers
v0x600003821200_0 .net "PAddress", 7 0, v0x600003822eb0_0;  alias, 1 drivers
v0x600003821290_0 .net "PEnable", 0 0, v0x600003822f40_0;  alias, 1 drivers
v0x600003821320_0 .var "PRData", 7 0;
v0x6000038213b0_0 .var "PReady", 0 0;
v0x600003821440_0 .net "PReset", 0 0, v0x600003825680_0;  alias, 1 drivers
v0x6000038214d0_0 .net "PSel", 0 0, L_0x6000021202a0;  alias, 1 drivers
v0x600003821560_0 .net "PWData", 7 0, v0x600003823180_0;  alias, 1 drivers
v0x6000038215f0_0 .net "PWrite", 0 0, v0x600003823210_0;  alias, 1 drivers
v0x600003821680_0 .net "Pclk", 0 0, v0x600003825560_0;  alias, 1 drivers
v0x600003821710_0 .var "RW", 0 0;
S_0x7fb25c204720 .scope module, "S2" "APB_Slave" 2 141, 3 74 0, S_0x7fb25b704e90;
 .timescale 0 0;
    .port_info 0 /INPUT 1 "PReset";
    .port_info 1 /INPUT 1 "Pclk";
    .port_info 2 /INPUT 1 "PSel";
    .port_info 3 /INPUT 1 "PEnable";
    .port_info 4 /INPUT 8 "PAddress";
    .port_info 5 /INPUT 8 "PWData";
    .port_info 6 /INPUT 1 "PWrite";
    .port_info 7 /OUTPUT 1 "PReady";
    .port_info 8 /OUTPUT 8 "PRData";
    .port_info 9 /OUTPUT 8 "Data_in";
    .port_info 10 /INPUT 8 "Data_out";
    .port_info 11 /OUTPUT 8 "Address";
    .port_info 12 /OUTPUT 1 "RW";
v0x6000038217a0_0 .var "Address", 7 0;
v0x600003821830_0 .var "Data_in", 7 0;
v0x6000038218c0_0 .net "Data_out", 7 0, v0x600003824870_0;  1 drivers
v0x600003821950_0 .net "PAddress", 7 0, v0x600003822eb0_0;  alias, 1 drivers
v0x6000038219e0_0 .net "PEnable", 0 0, v0x600003822f40_0;  alias, 1 drivers
v0x600003821a70_0 .var "PRData", 7 0;
v0x600003821b00_0 .var "PReady", 0 0;
v0x600003821b90_0 .net "PReset", 0 0, v0x600003825680_0;  alias, 1 drivers
v0x600003821c20_0 .net "PSel", 0 0, L_0x6000021203f0;  alias, 1 drivers
v0x600003821cb0_0 .net "PWData", 7 0, v0x600003823180_0;  alias, 1 drivers
v0x600003821d40_0 .net "PWrite", 0 0, v0x600003823210_0;  alias, 1 drivers
v0x600003821dd0_0 .net "Pclk", 0 0, v0x600003825560_0;  alias, 1 drivers
v0x600003821e60_0 .var "RW", 0 0;
S_0x7fb25c2049d0 .scope module, "S3" "APB_Slave" 2 155, 3 74 0, S_0x7fb25b704e90;
 .timescale 0 0;
    .port_info 0 /INPUT 1 "PReset";
    .port_info 1 /INPUT 1 "Pclk";
    .port_info 2 /INPUT 1 "PSel";
    .port_info 3 /INPUT 1 "PEnable";
    .port_info 4 /INPUT 8 "PAddress";
    .port_info 5 /INPUT 8 "PWData";
    .port_info 6 /INPUT 1 "PWrite";
    .port_info 7 /OUTPUT 1 "PReady";
    .port_info 8 /OUTPUT 8 "PRData";
    .port_info 9 /OUTPUT 8 "Data_in";
    .port_info 10 /INPUT 8 "Data_out";
    .port_info 11 /OUTPUT 8 "Address";
    .port_info 12 /OUTPUT 1 "RW";
v0x600003821ef0_0 .var "Address", 7 0;
v0x600003821f80_0 .var "Data_in", 7 0;
v0x600003822010_0 .net "Data_out", 7 0, v0x600003824b40_0;  1 drivers
v0x6000038220a0_0 .net "PAddress", 7 0, v0x600003822eb0_0;  alias, 1 drivers
v0x600003822130_0 .net "PEnable", 0 0, v0x600003822f40_0;  alias, 1 drivers
v0x6000038221c0_0 .var "PRData", 7 0;
v0x600003822250_0 .var "PReady", 0 0;
v0x6000038222e0_0 .net "PReset", 0 0, v0x600003825680_0;  alias, 1 drivers
v0x600003822370_0 .net "PSel", 0 0, L_0x600002120460;  alias, 1 drivers
v0x600003822400_0 .net "PWData", 7 0, v0x600003823180_0;  alias, 1 drivers
v0x600003822490_0 .net "PWrite", 0 0, v0x600003823210_0;  alias, 1 drivers
v0x600003822520_0 .net "Pclk", 0 0, v0x600003825560_0;  alias, 1 drivers
v0x6000038225b0_0 .var "RW", 0 0;
S_0x7fb25c204c80 .scope module, "u_arbiter" "bus_arbiter" 2 101, 4 3 0, S_0x7fb25b704e90;
 .timescale 0 0;
    .port_info 0 /INPUT 1 "Pclk";
    .port_info 1 /INPUT 1 "M1_PSel";
    .port_info 2 /INPUT 1 "M1_PEnable";
    .port_info 3 /INPUT 1 "M1_PWrite";
    .port_info 4 /INPUT 8 "M1_Address";
    .port_info 5 /INPUT 2 "M1_Slave_sel";
    .port_info 6 /INPUT 8 "M1_PWData";
    .port_info 7 /OUTPUT 1 "M1_PReady";
    .port_info 8 /INPUT 1 "M2_PSel";
    .port_info 9 /INPUT 1 "M2_PEnable";
    .port_info 10 /INPUT 1 "M2_PWrite";
    .port_info 11 /INPUT 8 "M2_Address";
    .port_info 12 /INPUT 2 "M2_Slave_sel";
    .port_info 13 /INPUT 8 "M2_PWData";
    .port_info 14 /OUTPUT 1 "M2_PReady";
    .port_info 15 /OUTPUT 1 "PSel";
    .port_info 16 /OUTPUT 1 "PEnable";
    .port_info 17 /OUTPUT 1 "PWrite";
    .port_info 18 /OUTPUT 8 "PAddress";
    .port_info 19 /OUTPUT 8 "PWData";
    .port_info 20 /OUTPUT 2 "Slave_sel";
    .port_info 21 /INPUT 8 "PRData";
    .port_info 22 /INPUT 1 "PReady";
v0x600003822640_0 .var "Bus_busy", 0 0;
v0x6000038226d0_0 .net "M1_Address", 7 0, v0x600003820120_0;  alias, 1 drivers
v0x600003822760_0 .net "M1_PEnable", 0 0, v0x6000038201b0_0;  alias, 1 drivers
v0x6000038227f0_0 .var "M1_PReady", 0 0;
v0x600003822880_0 .net "M1_PSel", 0 0, v0x6000038203f0_0;  alias, 1 drivers
v0x600003822910_0 .net "M1_PWData", 7 0, v0x600003820480_0;  alias, 1 drivers
v0x6000038229a0_0 .net "M1_PWrite", 0 0, v0x600003820510_0;  alias, 1 drivers
v0x600003822a30_0 .net "M1_Slave_sel", 1 0, L_0x600003b20320;  alias, 1 drivers
v0x600003822ac0_0 .net "M2_Address", 7 0, v0x600003820990_0;  alias, 1 drivers
v0x600003822b50_0 .net "M2_PEnable", 0 0, v0x600003820a20_0;  alias, 1 drivers
v0x600003822be0_0 .var "M2_PReady", 0 0;
v0x600003822c70_0 .net "M2_PSel", 0 0, v0x600003820c60_0;  alias, 1 drivers
v0x600003822d00_0 .net "M2_PWData", 7 0, v0x600003820cf0_0;  alias, 1 drivers
v0x600003822d90_0 .net "M2_PWrite", 0 0, v0x600003820d80_0;  alias, 1 drivers
v0x600003822e20_0 .net "M2_Slave_sel", 1 0, L_0x600003b203c0;  alias, 1 drivers
v0x600003822eb0_0 .var "PAddress", 7 0;
v0x600003822f40_0 .var "PEnable", 0 0;
v0x600003822fd0_0 .net "PRData", 7 0, o0x7fb25c0320f8;  alias, 0 drivers
v0x600003823060_0 .net "PReady", 0 0, L_0x600002120690;  alias, 1 drivers
v0x6000038230f0_0 .var "PSel", 0 0;
v0x600003823180_0 .var "PWData", 7 0;
v0x600003823210_0 .var "PWrite", 0 0;
v0x6000038232a0_0 .net "Pclk", 0 0, v0x600003825560_0;  alias, 1 drivers
v0x600003823330_0 .var "Slave_sel", 1 0;
    .scope S_0x7fb25b705000;
T_0 ;
    %wait E_0x600001f2ba40;
    %load/vec4 v0x600003820360_0;
    %flag_set/vec4 8;
    %jmp/0xz  T_0.0, 8;
    %pushi/vec4 0, 0, 1;
    %assign/vec4 v0x6000038203f0_0, 0;
    %pushi/vec4 0, 0, 1;
    %assign/vec4 v0x6000038201b0_0, 0;
    %jmp T_0.1;
T_0.0 ;
    %load/vec4 v0x600003820630_0;
    %inv;
    %assign/vec4 v0x600003820510_0, 0;
    %load/vec4 v0x600003820750_0;
    %flag_set/vec4 8;
    %jmp/0xz  T_0.2, 8;
    %load/vec4 v0x6000038203f0_0;
    %load/vec4 v0x6000038201b0_0;
    %concat/vec4; draw_concat_vec4
    %load/vec4 v0x6000038202d0_0;
    %concat/vec4; draw_concat_vec4
    %dup/vec4;
    %pushi/vec4 0, 0, 3;
    %cmp/u;
    %jmp/1 T_0.4, 6;
    %dup/vec4;
    %pushi/vec4 1, 0, 3;
    %cmp/u;
    %jmp/1 T_0.5, 6;
    %dup/vec4;
    %pushi/vec4 4, 0, 3;
    %cmp/u;
    %jmp/1 T_0.6, 6;
    %dup/vec4;
    %pushi/vec4 5, 0, 3;
    %cmp/u;
    %jmp/1 T_0.7, 6;
    %dup/vec4;
    %pushi/vec4 7, 0, 3;
    %cmp/u;
    %jmp/1 T_0.8, 6;
    %jmp T_0.9;
T_0.4 ;
    %pushi/vec4 1, 0, 1;
    %assign/vec4 v0x6000038203f0_0, 0;
    %jmp T_0.9;
T_0.5 ;
    %pushi/vec4 1, 0, 1;
    %assign/vec4 v0x6000038203f0_0, 0;
    %jmp T_0.9;
T_0.6 ;
    %pushi/vec4 1, 0, 1;
    %assign/vec4 v0x6000038201b0_0, 0;
    %load/vec4 v0x60000382c000_0;
    %parti/s 8, 0, 2;
    %assign/vec4 v0x600003820120_0, 0;
    %load/vec4 v0x600003820630_0;
    %inv;
    %flag_set/vec4 8;
    %jmp/0xz  T_0.10, 8;
    %load/vec4 v0x600003820090_0;
    %assign/vec4 v0x600003820480_0, 0;
T_0.10 ;
    %load/vec4 v0x600003820630_0;
    %flag_set/vec4 8;
    %jmp/0xz  T_0.12, 8;
    %load/vec4 v0x600003820240_0;
    %assign/vec4 v0x600003820000_0, 0;
T_0.12 ;
    %jmp T_0.9;
T_0.7 ;
    %pushi/vec4 1, 0, 1;
    %assign/vec4 v0x6000038201b0_0, 0;
    %load/vec4 v0x60000382c000_0;
    %parti/s 8, 0, 2;
    %assign/vec4 v0x600003820120_0, 0;
    %load/vec4 v0x600003820630_0;
    %inv;
    %flag_set/vec4 8;
    %jmp/0xz  T_0.14, 8;
    %load/vec4 v0x600003820090_0;
    %assign/vec4 v0x600003820480_0, 0;
T_0.14 ;
    %load/vec4 v0x600003820630_0;
    %flag_set/vec4 8;
    %jmp/0xz  T_0.16, 8;
    %load/vec4 v0x600003820240_0;
    %assign/vec4 v0x600003820000_0, 0;
T_0.16 ;
    %jmp T_0.9;
T_0.8 ;
    %pushi/vec4 0, 0, 1;
    %assign/vec4 v0x6000038203f0_0, 0;
    %pushi/vec4 0, 0, 1;
    %assign/vec4 v0x6000038201b0_0, 0;
    %jmp T_0.9;
T_0.9 ;
    %pop/vec4 1;
T_0.2 ;
T_0.1 ;
    %jmp T_0;
    .thread T_0;
    .scope S_0x7fb25c204190;
T_1 ;
    %wait E_0x600001f2ba40;
    %load/vec4 v0x600003820bd0_0;
    %flag_set/vec4 8;
    %jmp/0xz  T_1.0, 8;
    %pushi/vec4 0, 0, 1;
    %assign/vec4 v0x600003820c60_0, 0;
    %pushi/vec4 0, 0, 1;
    %assign/vec4 v0x600003820a20_0, 0;
    %jmp T_1.1;
T_1.0 ;
    %load/vec4 v0x600003820ea0_0;
    %inv;
    %assign/vec4 v0x600003820d80_0, 0;
    %load/vec4 v0x600003820fc0_0;
    %flag_set/vec4 8;
    %jmp/0xz  T_1.2, 8;
    %load/vec4 v0x600003820c60_0;
    %load/vec4 v0x600003820a20_0;
    %concat/vec4; draw_concat_vec4
    %load/vec4 v0x600003820b40_0;
    %concat/vec4; draw_concat_vec4
    %dup/vec4;
    %pushi/vec4 0, 0, 3;
    %cmp/u;
    %jmp/1 T_1.4, 6;
    %dup/vec4;
    %pushi/vec4 1, 0, 3;
    %cmp/u;
    %jmp/1 T_1.5, 6;
    %dup/vec4;
    %pushi/vec4 4, 0, 3;
    %cmp/u;
    %jmp/1 T_1.6, 6;
    %dup/vec4;
    %pushi/vec4 5, 0, 3;
    %cmp/u;
    %jmp/1 T_1.7, 6;
    %dup/vec4;
    %pushi/vec4 7, 0, 3;
    %cmp/u;
    %jmp/1 T_1.8, 6;
    %jmp T_1.9;
T_1.4 ;
    %pushi/vec4 1, 0, 1;
    %assign/vec4 v0x600003820c60_0, 0;
    %jmp T_1.9;
T_1.5 ;
    %pushi/vec4 1, 0, 1;
    %assign/vec4 v0x600003820c60_0, 0;
    %jmp T_1.9;
T_1.6 ;
    %pushi/vec4 1, 0, 1;
    %assign/vec4 v0x600003820a20_0, 0;
    %load/vec4 v0x6000038207e0_0;
    %parti/s 8, 0, 2;
    %assign/vec4 v0x600003820990_0, 0;
    %load/vec4 v0x600003820ea0_0;
    %inv;
    %flag_set/vec4 8;
    %jmp/0xz  T_1.10, 8;
    %load/vec4 v0x600003820900_0;
    %assign/vec4 v0x600003820cf0_0, 0;
T_1.10 ;
    %load/vec4 v0x600003820ea0_0;
    %flag_set/vec4 8;
    %jmp/0xz  T_1.12, 8;
    %load/vec4 v0x600003820ab0_0;
    %assign/vec4 v0x600003820870_0, 0;
T_1.12 ;
    %jmp T_1.9;
T_1.7 ;
    %pushi/vec4 1, 0, 1;
    %assign/vec4 v0x600003820a20_0, 0;
    %load/vec4 v0x6000038207e0_0;
    %parti/s 8, 0, 2;
    %assign/vec4 v0x600003820990_0, 0;
    %load/vec4 v0x600003820ea0_0;
    %inv;
    %flag_set/vec4 8;
    %jmp/0xz  T_1.14, 8;
    %load/vec4 v0x600003820900_0;
    %assign/vec4 v0x600003820cf0_0, 0;
T_1.14 ;
    %load/vec4 v0x600003820ea0_0;
    %flag_set/vec4 8;
    %jmp/0xz  T_1.16, 8;
    %load/vec4 v0x600003820ab0_0;
    %assign/vec4 v0x600003820870_0, 0;
T_1.16 ;
    %jmp T_1.9;
T_1.8 ;
    %pushi/vec4 0, 0, 1;
    %assign/vec4 v0x600003820c60_0, 0;
    %pushi/vec4 0, 0, 1;
    %assign/vec4 v0x600003820a20_0, 0;
    %jmp T_1.9;
T_1.9 ;
    %pop/vec4 1;
T_1.2 ;
T_1.1 ;
    %jmp T_1;
    .thread T_1;
    .scope S_0x7fb25c204c80;
T_2 ;
    %pushi/vec4 0, 0, 1;
    %store/vec4 v0x6000038227f0_0, 0, 1;
    %pushi/vec4 0, 0, 1;
    %store/vec4 v0x600003822be0_0, 0, 1;
    %pushi/vec4 0, 0, 1;
    %store/vec4 v0x600003822640_0, 0, 1;
    %end;
    .thread T_2;
    .scope S_0x7fb25c204c80;
T_3 ;
    %wait E_0x600001f2ba40;
    %load/vec4 v0x600003822640_0;
    %cmpi/e 0, 0, 1;
    %jmp/0xz  T_3.0, 4;
    %load/vec4 v0x600003822880_0;
    %flag_set/vec4 8;
    %jmp/0xz  T_3.2, 8;
    %vpi_call 4 66 "$display", "Master 1 has requested" {0 0 0};
    %load/vec4 v0x600003822880_0;
    %assign/vec4 v0x6000038230f0_0, 0;
    %pushi/vec4 1, 0, 1;
    %assign/vec4 v0x600003822640_0, 0;
    %jmp T_3.3;
T_3.2 ;
    %load/vec4 v0x600003822c70_0;
    %flag_set/vec4 8;
    %jmp/0xz  T_3.4, 8;
    %vpi_call 4 75 "$display", "Master 2 has requested" {0 0 0};
    %load/vec4 v0x600003822c70_0;
    %assign/vec4 v0x6000038230f0_0, 0;
    %pushi/vec4 1, 0, 1;
    %assign/vec4 v0x600003822640_0, 0;
T_3.4 ;
T_3.3 ;
    %jmp T_3.1;
T_3.0 ;
    %load/vec4 v0x600003822880_0;
    %flag_set/vec4 8;
    %jmp/0xz  T_3.6, 8;
    %load/vec4 v0x600003823060_0;
    %assign/vec4 v0x6000038227f0_0, 0;
    %load/vec4 v0x600003822760_0;
    %assign/vec4 v0x600003822f40_0, 0;
    %load/vec4 v0x6000038229a0_0;
    %assign/vec4 v0x600003823210_0, 0;
    %load/vec4 v0x6000038226d0_0;
    %assign/vec4 v0x600003822eb0_0, 0;
    %load/vec4 v0x600003822910_0;
    %assign/vec4 v0x600003823180_0, 0;
    %load/vec4 v0x600003822a30_0;
    %assign/vec4 v0x600003823330_0, 0;
    %jmp T_3.7;
T_3.6 ;
    %load/vec4 v0x600003822c70_0;
    %flag_set/vec4 8;
    %jmp/0xz  T_3.8, 8;
    %load/vec4 v0x600003823060_0;
    %assign/vec4 v0x600003822be0_0, 0;
    %load/vec4 v0x600003822b50_0;
    %assign/vec4 v0x600003822f40_0, 0;
    %load/vec4 v0x600003822d90_0;
    %assign/vec4 v0x600003823210_0, 0;
    %load/vec4 v0x600003822ac0_0;
    %assign/vec4 v0x600003822eb0_0, 0;
    %load/vec4 v0x600003822d00_0;
    %assign/vec4 v0x600003823180_0, 0;
    %load/vec4 v0x600003822e20_0;
    %assign/vec4 v0x600003823330_0, 0;
T_3.8 ;
T_3.7 ;
    %load/vec4 v0x600003823060_0;
    %flag_set/vec4 8;
    %jmp/0xz  T_3.10, 8;
    %vpi_call 4 109 "$display", "Ready signal came from slave and bus was busy" {0 0 0};
T_3.10 ;
    %pushi/vec4 0, 0, 1;
    %assign/vec4 v0x600003822640_0, 0;
T_3.1 ;
    %jmp T_3;
    .thread T_3;
    .scope S_0x7fb25c204470;
T_4 ;
    %wait E_0x600001f2ba40;
    %load/vec4 v0x600003821440_0;
    %flag_set/vec4 8;
    %jmp/0xz  T_4.0, 8;
    %pushi/vec4 0, 0, 1;
    %assign/vec4 v0x6000038213b0_0, 0;
    %jmp T_4.1;
T_4.0 ;
    %load/vec4 v0x6000038214d0_0;
    %flag_set/vec4 9;
    %flag_get/vec4 9;
    %jmp/0 T_4.4, 9;
    %load/vec4 v0x600003821290_0;
    %and;
T_4.4;
    %flag_set/vec4 8;
    %jmp/0xz  T_4.2, 8;
    %pushi/vec4 1, 0, 1;
    %assign/vec4 v0x6000038213b0_0, 0;
    %load/vec4 v0x600003821200_0;
    %assign/vec4 v0x600003821050_0, 0;
    %load/vec4 v0x6000038215f0_0;
    %assign/vec4 v0x600003821710_0, 0;
    %load/vec4 v0x6000038215f0_0;
    %flag_set/vec4 8;
    %jmp/0xz  T_4.5, 8;
    %load/vec4 v0x600003821560_0;
    %assign/vec4 v0x6000038210e0_0, 0;
    %jmp T_4.6;
T_4.5 ;
    %load/vec4 v0x600003821170_0;
    %assign/vec4 v0x600003821320_0, 0;
T_4.6 ;
    %jmp T_4.3;
T_4.2 ;
    %pushi/vec4 0, 0, 1;
    %assign/vec4 v0x6000038213b0_0, 0;
T_4.3 ;
T_4.1 ;
    %jmp T_4;
    .thread T_4;
    .scope S_0x7fb25c204720;
T_5 ;
    %wait E_0x600001f2ba40;
    %load/vec4 v0x600003821b90_0;
    %flag_set/vec4 8;
    %jmp/0xz  T_5.0, 8;
    %pushi/vec4 0, 0, 1;
    %assign/vec4 v0x600003821b00_0, 0;
    %jmp T_5.1;
T_5.0 ;
    %load/vec4 v0x600003821c20_0;
    %flag_set/vec4 9;
    %flag_get/vec4 9;
    %jmp/0 T_5.4, 9;
    %load/vec4 v0x6000038219e0_0;
    %and;
T_5.4;
    %flag_set/vec4 8;
    %jmp/0xz  T_5.2, 8;
    %pushi/vec4 1, 0, 1;
    %assign/vec4 v0x600003821b00_0, 0;
    %load/vec4 v0x600003821950_0;
    %assign/vec4 v0x6000038217a0_0, 0;
    %load/vec4 v0x600003821d40_0;
    %assign/vec4 v0x600003821e60_0, 0;
    %load/vec4 v0x600003821d40_0;
    %flag_set/vec4 8;
    %jmp/0xz  T_5.5, 8;
    %load/vec4 v0x600003821cb0_0;
    %assign/vec4 v0x600003821830_0, 0;
    %jmp T_5.6;
T_5.5 ;
    %load/vec4 v0x6000038218c0_0;
    %assign/vec4 v0x600003821a70_0, 0;
T_5.6 ;
    %jmp T_5.3;
T_5.2 ;
    %pushi/vec4 0, 0, 1;
    %assign/vec4 v0x600003821b00_0, 0;
T_5.3 ;
T_5.1 ;
    %jmp T_5;
    .thread T_5;
    .scope S_0x7fb25c2049d0;
T_6 ;
    %wait E_0x600001f2ba40;
    %load/vec4 v0x6000038222e0_0;
    %flag_set/vec4 8;
    %jmp/0xz  T_6.0, 8;
    %pushi/vec4 0, 0, 1;
    %assign/vec4 v0x600003822250_0, 0;
    %jmp T_6.1;
T_6.0 ;
    %load/vec4 v0x600003822370_0;
    %flag_set/vec4 9;
    %flag_get/vec4 9;
    %jmp/0 T_6.4, 9;
    %load/vec4 v0x600003822130_0;
    %and;
T_6.4;
    %flag_set/vec4 8;
    %jmp/0xz  T_6.2, 8;
    %pushi/vec4 1, 0, 1;
    %assign/vec4 v0x600003822250_0, 0;
    %load/vec4 v0x6000038220a0_0;
    %assign/vec4 v0x600003821ef0_0, 0;
    %load/vec4 v0x600003822490_0;
    %assign/vec4 v0x6000038225b0_0, 0;
    %load/vec4 v0x600003822490_0;
    %flag_set/vec4 8;
    %jmp/0xz  T_6.5, 8;
    %load/vec4 v0x600003822400_0;
    %assign/vec4 v0x600003821f80_0, 0;
    %jmp T_6.6;
T_6.5 ;
    %load/vec4 v0x600003822010_0;
    %assign/vec4 v0x6000038221c0_0, 0;
T_6.6 ;
    %jmp T_6.3;
T_6.2 ;
    %pushi/vec4 0, 0, 1;
    %assign/vec4 v0x600003822250_0, 0;
T_6.3 ;
T_6.1 ;
    %jmp T_6;
    .thread T_6;
    .scope S_0x7fb25b704e90;
T_7 ;
    %delay 5, 0;
    %load/vec4 v0x600003825560_0;
    %inv;
    %store/vec4 v0x600003825560_0, 0, 1;
    %jmp T_7;
    .thread T_7;
    .scope S_0x7fb25b704e90;
T_8 ;
    %pushi/vec4 0, 0, 1;
    %store/vec4 v0x600003825560_0, 0, 1;
    %delay 27, 0;
    %pushi/vec4 1, 0, 1;
    %store/vec4 v0x600003825680_0, 0, 1;
    %delay 47, 0;
    %pushi/vec4 0, 0, 1;
    %store/vec4 v0x600003825680_0, 0, 1;
    %pushi/vec4 0, 0, 32;
    %store/vec4 v0x6000038255f0_0, 0, 32;
T_8.0 ;
    %load/vec4 v0x6000038255f0_0;
    %cmpi/s 10, 0, 32;
    %jmp/0xz T_8.1, 5;
    %delay 60, 0;
    %pushi/vec4 1, 0, 1;
    %store/vec4 v0x600003823960_0, 0, 1;
    %load/vec4 v0x6000038255f0_0;
    %parti/s 2, 0, 2;
    %load/vec4 v0x6000038255f0_0;
    %parti/s 8, 0, 2;
    %concat/vec4; draw_concat_vec4
    %store/vec4 v0x6000038233c0_0, 0, 10;
    %load/vec4 v0x6000038255f0_0;
    %parti/s 1, 1, 2;
    %store/vec4 v0x600003823840_0, 0, 1;
    %load/vec4 v0x6000038255f0_0;
    %parti/s 8, 0, 2;
    %inv;
    %store/vec4 v0x600003823450_0, 0, 8;
    %pushi/vec4 10, 0, 32;
    %load/vec4 v0x6000038255f0_0;
    %sub;
    %pad/s 8;
    %store/vec4 v0x6000038245a0_0, 0, 8;
    %pushi/vec4 20, 0, 32;
    %load/vec4 v0x6000038255f0_0;
    %sub;
    %pad/s 8;
    %store/vec4 v0x600003824870_0, 0, 8;
    %pushi/vec4 30, 0, 32;
    %load/vec4 v0x6000038255f0_0;
    %sub;
    %pad/s 8;
    %store/vec4 v0x600003824b40_0, 0, 8;
    %delay 40, 0;
    %pushi/vec4 0, 0, 1;
    %store/vec4 v0x600003823960_0, 0, 1;
    %delay 30, 0;
    %pushi/vec4 1, 0, 1;
    %store/vec4 v0x600003824000_0, 0, 1;
    %load/vec4 v0x6000038255f0_0;
    %parti/s 2, 0, 2;
    %load/vec4 v0x6000038255f0_0;
    %parti/s 8, 0, 2;
    %concat/vec4; draw_concat_vec4
    %store/vec4 v0x6000038239f0_0, 0, 10;
    %load/vec4 v0x6000038255f0_0;
    %parti/s 1, 1, 2;
    %store/vec4 v0x600003823e70_0, 0, 1;
    %load/vec4 v0x6000038255f0_0;
    %parti/s 8, 0, 2;
    %inv;
    %addi 16, 0, 8;
    %store/vec4 v0x600003823a80_0, 0, 8;
    %delay 40, 0;
    %pushi/vec4 0, 0, 1;
    %store/vec4 v0x600003824000_0, 0, 1;
    ; show_stmt_assign_vector: Get l-value for compressed += operand
    %load/vec4 v0x6000038255f0_0;
    %pushi/vec4 1, 0, 32;
    %add;
    %store/vec4 v0x6000038255f0_0, 0, 32;
    %jmp T_8.0;
T_8.1 ;
    %delay 100, 0;
    %vpi_call 2 230 "$finish" {0 0 0};
    %end;
    .thread T_8;
    .scope S_0x7fb25b704e90;
T_9 ;
    %vpi_call 2 234 "$monitor", "M1_PSel:%b, M1_Valid:%b, M2_PSel:%b, M2_Valid:%b \012i: %d, reset: %b, M_PSel:%b, M_PEnable:%b, M_PWrite:%b,S1_PSel:%b, S2_PSel:%b, S3_PSel:%b,,S1_PReady:%b, S2_PReady:%b, S3_PReady:%b", v0x600003823690_0, v0x600003823960_0, v0x600003823cc0_0, v0x600003824000_0, v0x6000038255f0_0, v0x600003825680_0, v0x600003824240_0, v0x600003824120_0, v0x600003824360_0, v0x6000038246c0_0, v0x600003824990_0, v0x600003824c60_0, v0x600003824630_0, v0x600003824900_0, v0x600003824bd0_0 {0 0 0};
    %end;
    .thread T_9;
# The file index is used to find the file name in the following table.
:file_names 5;
    "N/A";
    "<interactive>";
    "./test_bench.v";
    "./apb_interface.v";
    "./arbiter.v";
